Build started 8/14/2016 10:28:16 PM.
     1>Project "D:\yun\kb_FPGA_c_pcb_m_all\Visual Studio 2013\huaweiTest\25.素数伴侣\25.素数伴侣.vcxproj" on node 2 (Build target(s)).
     1>C:\Program Files (x86)\MSBuild\Microsoft.Cpp\v4.0\V120\Microsoft.CppBuild.targets(388,5): warning MSB8028: The intermediate directory (Debug\) contains files shared from another project (25.素数伴侣.vcxproj).  This can lead to incorrect clean and rebuild behavior.
     1>ClCompile:
         F:\Microsoft Visual Studio 12.0\VC\bin\CL.exe /c /ZI /nologo /W3 /WX- /sdl /Od /Oy- /D WIN32 /D _DEBUG /D _CONSOLE /D _LIB /D _UNICODE /D UNICODE /Gm /EHsc /RTC1 /MDd /GS /fp:precise /Zc:wchar_t /Zc:forScope /Fo"Debug\\" /Fd"Debug\vc120.pdb" /Gd /TP /analyze- /errorReport:prompt "1.输出都0错误.cpp"
         Skipping... (no relevant changes detected)
         1.输出都0错误.cpp
       Link:
         F:\Microsoft Visual Studio 12.0\VC\bin\link.exe /ERRORREPORT:PROMPT /OUT:"D:\yun\kb_FPGA_c_pcb_m_all\Visual Studio 2013\huaweiTest\Debug\25.素数伴侣--dp.exe" /INCREMENTAL /NOLOGO kernel32.lib user32.lib gdi32.lib winspool.lib comdlg32.lib advapi32.lib shell32.lib ole32.lib oleaut32.lib uuid.lib odbc32.lib odbccp32.lib /MANIFEST /MANIFESTUAC:"level='asInvoker' uiAccess='false'" /manifest:embed /DEBUG /PDB:"D:\yun\kb_FPGA_c_pcb_m_all\Visual Studio 2013\huaweiTest\Debug\25.素数伴侣--dp.pdb" /SUBSYSTEM:CONSOLE /TLBID:1 /DYNAMICBASE /NXCOMPAT /IMPLIB:"D:\yun\kb_FPGA_c_pcb_m_all\Visual Studio 2013\huaweiTest\Debug\25.素数伴侣--dp.lib" /MACHINE:X86 "Debug\1.输出都0错误.obj"
         "Debug\2.参考.obj"
         "Debug\3.my对的.obj"
     1>2.参考.obj : error LNK2005: _main already defined in 1.输出都0错误.obj
     1>3.my对的.obj : error LNK2005: "class std::vector<int,class std::allocator<int> > __cdecl isPrim(int)" (?isPrim@@YA?AV?$vector@HV?$allocator@H@std@@@std@@H@Z) already defined in 1.输出都0错误.obj
     1>3.my对的.obj : error LNK2005: _main already defined in 1.输出都0错误.obj
     1>D:\yun\kb_FPGA_c_pcb_m_all\Visual Studio 2013\huaweiTest\Debug\25.素数伴侣--dp.exe : fatal error LNK1169: one or more multiply defined symbols found
     1>Done Building Project "D:\yun\kb_FPGA_c_pcb_m_all\Visual Studio 2013\huaweiTest\25.素数伴侣\25.素数伴侣.vcxproj" (Build target(s)) -- FAILED.

Build FAILED.

Time Elapsed 00:00:00.32
